<?xml version="1.0" encoding="UTF-8"?>
<!-- Generated by org.testng.reporters.JUnitReportReporter -->
<testsuite hostname="DESKTOP-L4B5BN8" failures="0" tests="1" name="testcases.addtocarttest" time="0.879" errors="0" timestamp="2025-07-11T16:31:36 IST" skipped="0">
  <testcase classname="testcases.addtocarttest" name="clickaddcart" time="0.879"/>
</testsuite> <!-- testcases.addtocarttest -->
