<?xml version="1.0" encoding="UTF-8"?>
<!-- Generated by org.testng.reporters.JUnitReportReporter -->
<testsuite hostname="DESKTOP-L4B5BN8" failures="0" tests="1" name="commonfunctions.commonfunctions" time="8.172" errors="0" timestamp="2025-01-23T08:51:04 IST" skipped="0">
  <testcase classname="commonfunctions.commonfunctions" name="launchbrowser" time="8.172"/>
</testsuite> <!-- commonfunctions.commonfunctions -->
