<?xml version="1.0" encoding="UTF-8"?>
<!-- Generated by org.testng.reporters.JUnitReportReporter -->
<testsuite hostname="DESKTOP-L4B5BN8" failures="0" tests="1" name="testcases.addtocarttest" time="0.940" errors="0" timestamp="2025-07-10T21:56:32 IST" skipped="0">
  <testcase classname="testcases.addtocarttest" name="clickaddcart" time="0.940"/>
</testsuite> <!-- testcases.addtocarttest -->
