<?xml version="1.0" encoding="UTF-8"?>
<!-- Generated by org.testng.reporters.JUnitReportReporter -->
<testsuite hostname="DESKTOP-L4B5BN8" failures="0" tests="1" name="testcases.removecarttest" time="4.420" errors="0" timestamp="2025-01-26T11:52:34 IST" skipped="0">
  <testcase classname="testcases.removecarttest" name="removecartoperation" time="4.420"/>
</testsuite> <!-- testcases.removecarttest -->
