<?xml version="1.0" encoding="UTF-8"?>
<!-- Generated by org.testng.reporters.JUnitReportReporter -->
<testsuite hostname="DESKTOP-L4B5BN8" failures="0" tests="1" name="testcases.removecarttest" time="4.676" errors="0" timestamp="2025-02-09T11:17:36 IST" skipped="0">
  <testcase classname="testcases.removecarttest" name="removecartoperation" time="4.676"/>
</testsuite> <!-- testcases.removecarttest -->
