<?xml version="1.0" encoding="UTF-8"?>
<!-- Generated by org.testng.reporters.JUnitReportReporter -->
<testsuite hostname="DESKTOP-L4B5BN8" failures="0" tests="1" name="testcases.Logintest" time="0.000" errors="0" timestamp="2025-07-11T16:28:11 IST" skipped="1">
  <testcase classname="testcases.Logintest" name="addcart" time="0.000">
    <skipped/>
  </testcase> <!-- addcart -->
</testsuite> <!-- testcases.Logintest -->
