<?xml version="1.0" encoding="UTF-8"?>
<!-- Generated by org.testng.reporters.JUnitReportReporter -->
<testsuite hostname="DESKTOP-L4B5BN8" failures="0" tests="1" name="testcases.Logintest" time="1.222" errors="0" timestamp="2025-02-09T11:17:36 IST" skipped="0">
  <testcase classname="testcases.Logintest" name="addcart" time="1.222"/>
</testsuite> <!-- testcases.Logintest -->
